# JRE version: Java(TM) SE Runtime Environment (8.0_60-b27) (build 1.8.0_60-b27)
# Java VM: Java HotSpot(TM) 64-Bit Server VM (25.60-b23 mixed mode linux-amd64 compressed oops)
Heap:
 PSYoungGen      total 34304K, used 1793K [0x00000000eb600000, 0x00000000edd00000, 0x0000000100000000)
  eden space 28672K, 0% used [0x00000000eb600000,0x00000000eb600000,0x00000000ed200000)
  from space 5632K, 31% used [0x00000000ed200000,0x00000000ed3c0500,0x00000000ed780000)
  to   space 5120K, 0% used [0x00000000ed800000,0x00000000ed800000,0x00000000edd00000)
 ParOldGen       total 42496K, used 8035K [0x00000000c2200000, 0x00000000c4b80000, 0x00000000eb600000)
  object space 42496K, 18% used [0x00000000c2200000,0x00000000c29d8df0,0x00000000c4b80000)
 Metaspace       used 20943K, capacity 21152K, committed 21296K, reserved 1067008K
  class space    used 3039K, capacity 3142K, committed 3200K, reserved 1048576K
GC Heap History (10 events):
Event: 5.094 GC heap after
Heap after GC invocations=4 (full 0):
 PSYoungGen      total 18432K, used 2549K [0x00000000eb600000, 0x00000000eca80000, 0x0000000100000000)
  eden space 15872K, 0% used [0x00000000eb600000,0x00000000eb600000,0x00000000ec580000)
  from space 2560K, 99% used [0x00000000ec800000,0x00000000eca7d658,0x00000000eca80000)
  to   space 2560K, 0% used [0x00000000ec580000,0x00000000ec580000,0x00000000ec800000)
 ParOldGen       total 42496K, used 1272K [0x00000000c2200000, 0x00000000c4b80000, 0x00000000eb600000)
  object space 42496K, 2% used [0x00000000c2200000,0x00000000c233e388,0x00000000c4b80000)
 Metaspace       used 12210K, capacity 12332K, committed 12672K, reserved 1060864K
  class space    used 1768K, capacity 1808K, committed 1920K, reserved 1048576K
}
Event: 6.426 GC heap before
{Heap before GC invocations=5 (full 0):
 PSYoungGen      total 18432K, used 18421K [0x00000000eb600000, 0x00000000eca80000, 0x0000000100000000)
  eden space 15872K, 100% used [0x00000000eb600000,0x00000000ec580000,0x00000000ec580000)
  from space 2560K, 99% used [0x00000000ec800000,0x00000000eca7d658,0x00000000eca80000)
  to   space 2560K, 0% used [0x00000000ec580000,0x00000000ec580000,0x00000000ec800000)
 ParOldGen       total 42496K, used 1272K [0x00000000c2200000, 0x00000000c4b80000, 0x00000000eb600000)
  object space 42496K, 2% used [0x00000000c2200000,0x00000000c233e388,0x00000000c4b80000)
 Metaspace       used 13665K, capacity 13772K, committed 13824K, reserved 1060864K
  class space    used 1990K, capacity 2032K, committed 2048K, reserved 1048576K
Event: 6.436 GC heap after
Heap after GC invocations=5 (full 0):
 PSYoungGen      total 18432K, used 2533K [0x00000000eb600000, 0x00000000ecd80000, 0x0000000100000000)
  eden space 15872K, 0% used [0x00000000eb600000,0x00000000eb600000,0x00000000ec580000)
  from space 2560K, 98% used [0x00000000ec580000,0x00000000ec7f9518,0x00000000ec800000)
  to   space 4096K, 0% used [0x00000000ec980000,0x00000000ec980000,0x00000000ecd80000)
 ParOldGen       total 42496K, used 2333K [0x00000000c2200000, 0x00000000c4b80000, 0x00000000eb600000)
  object space 42496K, 5% used [0x00000000c2200000,0x00000000c2447408,0x00000000c4b80000)
 Metaspace       used 13665K, capacity 13772K, committed 13824K, reserved 1060864K
  class space    used 1990K, capacity 2032K, committed 2048K, reserved 1048576K
}
Event: 8.662 GC heap before
{Heap before GC invocations=6 (full 0):
 PSYoungGen      total 18432K, used 18405K [0x00000000eb600000, 0x00000000ecd80000, 0x0000000100000000)
  eden space 15872K, 100% used [0x00000000eb600000,0x00000000ec580000,0x00000000ec580000)
  from space 2560K, 98% used [0x00000000ec580000,0x00000000ec7f9518,0x00000000ec800000)
  to   space 4096K, 0% used [0x00000000ec980000,0x00000000ec980000,0x00000000ecd80000)
 ParOldGen       total 42496K, used 2333K [0x00000000c2200000, 0x00000000c4b80000, 0x00000000eb600000)
  object space 42496K, 5% used [0x00000000c2200000,0x00000000c2447408,0x00000000c4b80000)
 Metaspace       used 17014K, capacity 17216K, committed 17408K, reserved 1064960K
  class space    used 2402K, capacity 2470K, committed 2560K, reserved 1048576K
Event: 8.694 GC heap after
Heap after GC invocations=6 (full 0):
 PSYoungGen      total 18432K, used 4069K [0x00000000eb600000, 0x00000000ed080000, 0x0000000100000000)
  eden space 14336K, 0% used [0x00000000eb600000,0x00000000eb600000,0x00000000ec400000)
  from space 4096K, 99% used [0x00000000ec980000,0x00000000ecd79538,0x00000000ecd80000)
  to   space 5632K, 0% used [0x00000000ec400000,0x00000000ec400000,0x00000000ec980000)
 ParOldGen       total 42496K, used 3958K [0x00000000c2200000, 0x00000000c4b80000, 0x00000000eb600000)
  object space 42496K, 9% used [0x00000000c2200000,0x00000000c25dd838,0x00000000c4b80000)
 Metaspace       used 17014K, capacity 17216K, committed 17408K, reserved 1064960K
  class space    used 2402K, capacity 2470K, committed 2560K, reserved 1048576K
}
Event: 9.679 GC heap before
{Heap before GC invocations=7 (full 0):
 PSYoungGen      total 18432K, used 18405K [0x00000000eb600000, 0x00000000ed080000, 0x0000000100000000)
  eden space 14336K, 100% used [0x00000000eb600000,0x00000000ec400000,0x00000000ec400000)
  from space 4096K, 99% used [0x00000000ec980000,0x00000000ecd79538,0x00000000ecd80000)
  to   space 5632K, 0% used [0x00000000ec400000,0x00000000ec400000,0x00000000ec980000)
 ParOldGen       total 42496K, used 3958K [0x00000000c2200000, 0x00000000c4b80000, 0x00000000eb600000)
  object space 42496K, 9% used [0x00000000c2200000,0x00000000c25dd838,0x00000000c4b80000)
 Metaspace       used 18395K, capacity 18656K, committed 18944K, reserved 1064960K
  class space    used 2589K, capacity 2694K, committed 2816K, reserved 1048576K
Event: 9.819 GC heap after
Heap after GC invocations=7 (full 0):
 PSYoungGen      total 19968K, used 4660K [0x00000000eb600000, 0x00000000ede00000, 0x0000000100000000)
  eden space 14336K, 0% used [0x00000000eb600000,0x00000000eb600000,0x00000000ec400000)
  from space 5632K, 82% used [0x00000000ec400000,0x00000000ec88d328,0x00000000ec980000)
  to   space 6144K, 0% used [0x00000000ed800000,0x00000000ed800000,0x00000000ede00000)
 ParOldGen       total 42496K, used 4939K [0x00000000c2200000, 0x00000000c4b80000, 0x00000000eb600000)
  object space 42496K, 11% used [0x00000000c2200000,0x00000000c26d2d98,0x00000000c4b80000)
 Metaspace       used 18395K, capacity 18656K, committed 18944K, reserved 1064960K
  class space    used 2589K, capacity 2694K, committed 2816K, reserved 1048576K
}
Event: 10.726 GC heap before
{Heap before GC invocations=8 (full 0):
 PSYoungGen      total 19968K, used 18996K [0x00000000eb600000, 0x00000000ede00000, 0x0000000100000000)
  eden space 14336K, 100% used [0x00000000eb600000,0x00000000ec400000,0x00000000ec400000)
  from space 5632K, 82% used [0x00000000ec400000,0x00000000ec88d328,0x00000000ec980000)
  to   space 6144K, 0% used [0x00000000ed800000,0x00000000ed800000,0x00000000ede00000)
 ParOldGen       total 42496K, used 4939K [0x00000000c2200000, 0x00000000c4b80000, 0x00000000eb600000)
  object space 42496K, 11% used [0x00000000c2200000,0x00000000c26d2d98,0x00000000c4b80000)
 Metaspace       used 19815K, capacity 20064K, committed 20224K, reserved 1067008K
  class space    used 2845K, capacity 2950K, committed 3072K, reserved 1048576K
Event: 10.776 GC heap after
Heap after GC invocations=8 (full 0):
 PSYoungGen      total 33792K, used 3977K [0x00000000eb600000, 0x00000000edd00000, 0x0000000100000000)
  eden space 28672K, 0% used [0x00000000eb600000,0x00000000eb600000,0x00000000ed200000)
  from space 5120K, 77% used [0x00000000ed800000,0x00000000edbe25b0,0x00000000edd00000)
  to   space 5632K, 0% used [0x00000000ed200000,0x00000000ed200000,0x00000000ed780000)
 ParOldGen       total 42496K, used 5883K [0x00000000c2200000, 0x00000000c4b80000, 0x00000000eb600000)
  object space 42496K, 13% used [0x00000000c2200000,0x00000000c27beda8,0x00000000c4b80000)
 Metaspace       used 19815K, capacity 20064K, committed 20224K, reserved 1067008K
  class space    used 2845K, capacity 2950K, committed 3072K, reserved 1048576K
}
Event: 12.601 GC heap before
{Heap before GC invocations=9 (full 0):
 PSYoungGen      total 33792K, used 17138K [0x00000000eb600000, 0x00000000edd00000, 0x0000000100000000)
  eden space 28672K, 45% used [0x00000000eb600000,0x00000000ec2da508,0x00000000ed200000)
  from space 5120K, 77% used [0x00000000ed800000,0x00000000edbe25b0,0x00000000edd00000)
  to   space 5632K, 0% used [0x00000000ed200000,0x00000000ed200000,0x00000000ed780000)
 ParOldGen       total 42496K, used 5883K [0x00000000c2200000, 0x00000000c4b80000, 0x00000000eb600000)
  object space 42496K, 13% used [0x00000000c2200000,0x00000000c27beda8,0x00000000c4b80000)
 Metaspace       used 20943K, capacity 21152K, committed 21296K, reserved 1067008K
  class space    used 3039K, capacity 3142K, committed 3200K, reserved 1048576K

